[32m2025-12-20 23:20:23 +0000[0m - dagster - [34mDEBUG[0m - __ASSET_JOB - 76824379-dcb9-49fa-8882-51760c78f41f - 1279037 - LOGS_CAPTURED - Started capturing logs in process (pid: 1279037).
[32m2025-12-20 23:20:23 +0000[0m - dagster - [34mDEBUG[0m - __ASSET_JOB - 76824379-dcb9-49fa-8882-51760c78f41f - 1279037 - fact_ohlcv_kraken_eth_1m - STEP_START - Started execution of step "fact_ohlcv_kraken_eth_1m".
[32m2025-12-20 23:20:23 +0000[0m - dagster - [34mINFO[0m - __ASSET_JOB - 76824379-dcb9-49fa-8882-51760c78f41f - fact_ohlcv_kraken_eth_1m - Running MERGE for Kraken ETH-USD 1m
[32m2025-12-20 23:20:24 +0000[0m - dagster - [34mERROR[0m - [31m__ASSET_JOB - 76824379-dcb9-49fa-8882-51760c78f41f - 1279037 - fact_ohlcv_kraken_eth_1m - STEP_FAILURE - Execution of step "fact_ohlcv_kraken_eth_1m" failed.

dagster._core.errors.DagsterExecutionStepExecutionError: Error occurred while executing op "fact_ohlcv_kraken_eth_1m"::

google.api_core.exceptions.BadRequest: 400 GET https://bigquery.googleapis.com/bigquery/v2/projects/kline-pipeline/queries/7f905852-7f6e-4b8d-9270-9604bc087f2e?maxResults=0&location=US&prettyPrint=false: No matching signature for function PARSE_JSON
  Argument types: JSON
  Signature: PARSE_JSON(STRING, [wide_number_mode => STRING])
    Argument 1: Unable to coerce type JSON to expected type STRING at [14:7]

Location: US
Job ID: 7f905852-7f6e-4b8d-9270-9604bc087f2e


Stack Trace:
  File "/home/ubuntu/dagster/dagster-env/lib/python3.12/site-packages/dagster/_core/execution/plan/utils.py", line 57, in op_execution_error_boundary
    yield
  File "/home/ubuntu/dagster/dagster-env/lib/python3.12/site-packages/dagster/_utils/__init__.py", line 394, in iterate_with_context
    next_output = next(iterator)
                  ^^^^^^^^^^^^^^
  File "/home/ubuntu/dagster/dagster-env/lib/python3.12/site-packages/dagster/_core/execution/plan/compute_generator.py", line 135, in _coerce_op_compute_fn_to_iterator
    result = invoke_compute_fn(
             ^^^^^^^^^^^^^^^^^^
  File "/home/ubuntu/dagster/dagster-env/lib/python3.12/site-packages/dagster/_core/execution/plan/compute_generator.py", line 115, in invoke_compute_fn
    return fn(context, **args_to_pass) if context_arg_provided else fn(**args_to_pass)
           ^^^^^^^^^^^^^^^^^^^^^^^^^^^
  File "/home/ubuntu/dagster/kline_pipeline/kline_pipeline/assets.py", line 160, in fact_ohlcv_kraken_eth_1m
    job.result()
  File "/home/ubuntu/dagster/dagster-env/lib/python3.12/site-packages/google/cloud/bigquery/job/query.py", line 1773, in result
    while not is_job_done():
              ^^^^^^^^^^^^^
  File "/home/ubuntu/dagster/dagster-env/lib/python3.12/site-packages/google/api_core/retry/retry_unary.py", line 294, in retry_wrapped_func
    return retry_target(
           ^^^^^^^^^^^^^
  File "/home/ubuntu/dagster/dagster-env/lib/python3.12/site-packages/google/api_core/retry/retry_unary.py", line 156, in retry_target
    next_sleep = _retry_error_helper(
                 ^^^^^^^^^^^^^^^^^^^^
  File "/home/ubuntu/dagster/dagster-env/lib/python3.12/site-packages/google/api_core/retry/retry_base.py", line 214, in _retry_error_helper
    raise final_exc from source_exc
  File "/home/ubuntu/dagster/dagster-env/lib/python3.12/site-packages/google/api_core/retry/retry_unary.py", line 147, in retry_target
    result = target()
             ^^^^^^^^
  File "/home/ubuntu/dagster/dagster-env/lib/python3.12/site-packages/google/cloud/bigquery/job/query.py", line 1742, in is_job_done
    self._reload_query_results(retry=retry, **reload_query_results_kwargs)
  File "/home/ubuntu/dagster/dagster-env/lib/python3.12/site-packages/google/cloud/bigquery/job/query.py", line 1534, in _reload_query_results
    self._query_results = self._client._get_query_results(
                          ^^^^^^^^^^^^^^^^^^^^^^^^^^^^^^^^
  File "/home/ubuntu/dagster/dagster-env/lib/python3.12/site-packages/google/cloud/bigquery/client.py", line 2113, in _get_query_results
    resource = self._call_api(
               ^^^^^^^^^^^^^^^
  File "/home/ubuntu/dagster/dagster-env/lib/python3.12/site-packages/google/cloud/bigquery/client.py", line 861, in _call_api
    return call()
           ^^^^^^
  File "/home/ubuntu/dagster/dagster-env/lib/python3.12/site-packages/google/api_core/retry/retry_unary.py", line 294, in retry_wrapped_func
    return retry_target(
           ^^^^^^^^^^^^^
  File "/home/ubuntu/dagster/dagster-env/lib/python3.12/site-packages/google/api_core/retry/retry_unary.py", line 156, in retry_target
    next_sleep = _retry_error_helper(
                 ^^^^^^^^^^^^^^^^^^^^
  File "/home/ubuntu/dagster/dagster-env/lib/python3.12/site-packages/google/api_core/retry/retry_base.py", line 214, in _retry_error_helper
    raise final_exc from source_exc
  File "/home/ubuntu/dagster/dagster-env/lib/python3.12/site-packages/google/api_core/retry/retry_unary.py", line 147, in retry_target
    result = target()
             ^^^^^^^^
  File "/home/ubuntu/dagster/dagster-env/lib/python3.12/site-packages/google/cloud/_http/__init__.py", line 494, in api_request
    raise exceptions.from_http_response(response)
[0m
