[32m2025-12-21 02:29:30 +0000[0m - dagster - [34mDEBUG[0m - __ASSET_JOB - b4160582-f6ae-4e99-9da4-95d0f7f4767d - 1459974 - LOGS_CAPTURED - Started capturing logs in process (pid: 1459974).
[32m2025-12-21 02:29:30 +0000[0m - dagster - [34mDEBUG[0m - __ASSET_JOB - b4160582-f6ae-4e99-9da4-95d0f7f4767d - 1459974 - bronze_ohlcv_native - STEP_RESTARTED - Started re-execution (attempt # 6) of step "bronze_ohlcv_native".
[32m2025-12-21 02:29:30 +0000[0m - dagster - [34mINFO[0m - __ASSET_JOB - b4160582-f6ae-4e99-9da4-95d0f7f4767d - bronze_ohlcv_native - Bronze ingest Kraken ETH-USD | 2025-12-21 01:00:00+00:00 → 2025-12-21 02:00:00+00:00
[32m2025-12-21 02:29:31 +0000[0m - dagster - [34mERROR[0m - [31m__ASSET_JOB - b4160582-f6ae-4e99-9da4-95d0f7f4767d - 1459974 - bronze_ohlcv_native - STEP_FAILURE - Execution of step "bronze_ohlcv_native" failed.

Exceeded max_retries of 5:

google.api_core.exceptions.BadRequest: 400 Query column 2 has type STRING which cannot be inserted into column event_ts, which has type TIMESTAMP at [3:1]; reason: invalidQuery, location: query, message: Query column 2 has type STRING which cannot be inserted into column event_ts, which has type TIMESTAMP at [3:1]

Location: US
Job ID: 145b18a3-15f9-457d-8303-cd771a2c4597


Stack Trace:
  File "/home/ubuntu/dagster/dagster-env/lib/python3.12/site-packages/dagster/_core/execution/plan/utils.py", line 57, in op_execution_error_boundary
    yield
  File "/home/ubuntu/dagster/dagster-env/lib/python3.12/site-packages/dagster/_utils/__init__.py", line 394, in iterate_with_context
    next_output = next(iterator)
                  ^^^^^^^^^^^^^^
  File "/home/ubuntu/dagster/dagster-env/lib/python3.12/site-packages/dagster/_core/execution/plan/compute_generator.py", line 135, in _coerce_op_compute_fn_to_iterator
    result = invoke_compute_fn(
             ^^^^^^^^^^^^^^^^^^
  File "/home/ubuntu/dagster/dagster-env/lib/python3.12/site-packages/dagster/_core/execution/plan/compute_generator.py", line 115, in invoke_compute_fn
    return fn(context, **args_to_pass) if context_arg_provided else fn(**args_to_pass)
           ^^^^^^^^^^^^^^^^^^^^^^^^^^^
  File "/home/ubuntu/dagster/kline_pipeline/kline_pipeline/assets_bronze.py", line 83, in bronze_ohlcv_native
    job.result()
  File "/home/ubuntu/dagster/dagster-env/lib/python3.12/site-packages/google/cloud/bigquery/job/query.py", line 1773, in result
    while not is_job_done():
              ^^^^^^^^^^^^^
  File "/home/ubuntu/dagster/dagster-env/lib/python3.12/site-packages/google/api_core/retry/retry_unary.py", line 294, in retry_wrapped_func
    return retry_target(
           ^^^^^^^^^^^^^
  File "/home/ubuntu/dagster/dagster-env/lib/python3.12/site-packages/google/api_core/retry/retry_unary.py", line 156, in retry_target
    next_sleep = _retry_error_helper(
                 ^^^^^^^^^^^^^^^^^^^^
  File "/home/ubuntu/dagster/dagster-env/lib/python3.12/site-packages/google/api_core/retry/retry_base.py", line 214, in _retry_error_helper
    raise final_exc from source_exc
  File "/home/ubuntu/dagster/dagster-env/lib/python3.12/site-packages/google/api_core/retry/retry_unary.py", line 147, in retry_target
    result = target()
             ^^^^^^^^
  File "/home/ubuntu/dagster/dagster-env/lib/python3.12/site-packages/google/cloud/bigquery/job/query.py", line 1722, in is_job_done
    raise job_failed_exception
[0m
